0 info it worked if it ends with ok
1 verbose cli [ '/home/ubuntu/.nvm/versions/node/v4.2.4/bin/node',
1 verbose cli   '/home/ubuntu/.nvm/versions/node/v4.2.4/bin/npm',
1 verbose cli   'install',
1 verbose cli   'animate@3.3.0',
1 verbose cli   '--save' ]
2 info using npm@2.14.12
3 info using node@v4.2.4
4 verbose install initial load of /home/ubuntu/workspace/package.json
5 verbose installManyTop reading scoped package data from /home/ubuntu/workspace/node_modules/angular/package.json
6 verbose installManyTop reading scoped package data from /home/ubuntu/workspace/node_modules/angular-animate/package.json
7 verbose installManyTop reading scoped package data from /home/ubuntu/workspace/node_modules/angular-bootstrap/package.json
8 verbose installManyTop reading scoped package data from /home/ubuntu/workspace/node_modules/angular-chart/package.json
9 verbose installManyTop reading scoped package data from /home/ubuntu/workspace/node_modules/angular-resource/package.json
10 verbose installManyTop reading scoped package data from /home/ubuntu/workspace/node_modules/angular-route/package.json
11 verbose installManyTop reading scoped package data from /home/ubuntu/workspace/node_modules/animate/package.json
12 verbose installManyTop reading scoped package data from /home/ubuntu/workspace/node_modules/body-parser/package.json
13 verbose installManyTop reading scoped package data from /home/ubuntu/workspace/node_modules/bootbox/package.json
14 verbose installManyTop reading scoped package data from /home/ubuntu/workspace/node_modules/bootstrap/package.json
15 verbose installManyTop reading scoped package data from /home/ubuntu/workspace/node_modules/chart.js/package.json
16 verbose installManyTop reading scoped package data from /home/ubuntu/workspace/node_modules/cookie-parser/package.json
17 verbose installManyTop reading scoped package data from /home/ubuntu/workspace/node_modules/debug/package.json
18 verbose installManyTop reading scoped package data from /home/ubuntu/workspace/node_modules/ejs/package.json
19 verbose installManyTop reading scoped package data from /home/ubuntu/workspace/node_modules/express/package.json
20 verbose installManyTop reading scoped package data from /home/ubuntu/workspace/node_modules/highcharts/package.json
21 verbose installManyTop reading scoped package data from /home/ubuntu/workspace/node_modules/jquery/package.json
22 verbose installManyTop reading scoped package data from /home/ubuntu/workspace/node_modules/mongoose/package.json
23 verbose installManyTop reading scoped package data from /home/ubuntu/workspace/node_modules/morgan/package.json
24 verbose installManyTop reading scoped package data from /home/ubuntu/workspace/node_modules/serve-favicon/package.json
25 info package.json angular-bootstrap@0.12.2 No README data
26 info package.json chart.js@1.0.2 No license field.
27 info package.json highcharts@4.2.3 license should be a valid SPDX license expression
28 verbose readDependencies loading dependencies from /home/ubuntu/workspace/package.json
29 silly cache add args [ 'animate@3.3.0', null ]
30 verbose cache add spec animate@3.3.0
31 silly cache add parsed spec Result {
31 silly cache add   raw: 'animate@3.3.0',
31 silly cache add   scope: null,
31 silly cache add   name: 'animate',
31 silly cache add   rawSpec: '3.3.0',
31 silly cache add   spec: '3.3.0',
31 silly cache add   type: 'version' }
32 silly addNamed animate@3.3.0
33 verbose addNamed "3.3.0" is a plain semver version for animate
34 silly mapToRegistry name animate
35 silly mapToRegistry using default registry
36 silly mapToRegistry registry https://registry.npmjs.org/
37 silly mapToRegistry uri https://registry.npmjs.org/animate
38 verbose addNameVersion registry:https://registry.npmjs.org/animate not in flight; fetching
39 verbose request uri https://registry.npmjs.org/animate
40 verbose request no auth needed
41 info attempt registry request try #1 at 1:59:14 AM
42 verbose request id deb56320d8d959a3
43 verbose etag "6K2QMOWRAEDU3B963897TCXMN"
44 http request GET https://registry.npmjs.org/animate
45 http 304 https://registry.npmjs.org/animate
46 verbose headers { date: 'Tue, 15 Mar 2016 01:59:14 GMT',
46 verbose headers   via: '1.1 varnish',
46 verbose headers   'cache-control': 'max-age=300',
46 verbose headers   etag: '"6K2QMOWRAEDU3B963897TCXMN"',
46 verbose headers   age: '89',
46 verbose headers   connection: 'keep-alive',
46 verbose headers   'x-served-by': 'cache-hkg6820-HKG',
46 verbose headers   'x-cache': 'HIT',
46 verbose headers   'x-cache-hits': '1',
46 verbose headers   'x-timer': 'S1458007154.765215,VS0,VE0',
46 verbose headers   vary: 'Accept' }
47 silly get cb [ 304,
47 silly get   { date: 'Tue, 15 Mar 2016 01:59:14 GMT',
47 silly get     via: '1.1 varnish',
47 silly get     'cache-control': 'max-age=300',
47 silly get     etag: '"6K2QMOWRAEDU3B963897TCXMN"',
47 silly get     age: '89',
47 silly get     connection: 'keep-alive',
47 silly get     'x-served-by': 'cache-hkg6820-HKG',
47 silly get     'x-cache': 'HIT',
47 silly get     'x-cache-hits': '1',
47 silly get     'x-timer': 'S1458007154.765215,VS0,VE0',
47 silly get     vary: 'Accept' } ]
48 verbose etag https://registry.npmjs.org/animate from cache
49 verbose get saving animate to /home/ubuntu/.npm/registry.npmjs.org/animate/.cache.json
50 verbose stack Error: version not found: animate@3.3.0
50 verbose stack     at setData (/home/ubuntu/.nvm/versions/node/v4.2.4/lib/node_modules/npm/lib/cache/add-named.js:137:12)
50 verbose stack     at RES (/home/ubuntu/.nvm/versions/node/v4.2.4/lib/node_modules/npm/node_modules/inflight/inflight.js:23:14)
50 verbose stack     at f (/home/ubuntu/.nvm/versions/node/v4.2.4/lib/node_modules/npm/node_modules/once/once.js:17:25)
50 verbose stack     at fixName (/home/ubuntu/.nvm/versions/node/v4.2.4/lib/node_modules/npm/lib/cache/add-named.js:29:5)
50 verbose stack     at saved (/home/ubuntu/.nvm/versions/node/v4.2.4/lib/node_modules/npm/lib/cache/caching-client.js:173:7)
50 verbose stack     at /home/ubuntu/.nvm/versions/node/v4.2.4/lib/node_modules/npm/node_modules/graceful-fs/polyfills.js:210:7
50 verbose stack     at FSReqWrap.oncomplete (fs.js:82:15)
51 verbose statusCode 404
52 verbose cwd /home/ubuntu/workspace
53 error Linux 4.2.0-c9
54 error argv "/home/ubuntu/.nvm/versions/node/v4.2.4/bin/node" "/home/ubuntu/.nvm/versions/node/v4.2.4/bin/npm" "install" "animate@3.3.0" "--save"
55 error node v4.2.4
56 error npm  v2.14.12
57 error version not found: animate@3.3.0
58 error If you need help, you may report this error at:
58 error     <https://github.com/npm/npm/issues>
59 verbose exit [ 1, true ]
